app/build/intermediates/manifest_merge_blame_file/debug/processDebugMainManifest/manifest-merger-blame-debug-report.txt
1<?xml version="1.0" encoding="utf-8"?>
2<manifest xmlns:android="http://schemas.android.com/apk/res/android"
3    package="com.itantra"
4    android:versionCode="1"
5    android:versionName="0.1.0-scaffold" >
6
7    <uses-sdk
8        android:minSdkVersion="24"
9        android:targetSdkVersion="34" />
10
11    <!-- Audio capture & output -->
12    <uses-permission android:name="android.permission.RECORD_AUDIO" />
12-->src\main\AndroidManifest.xml:6:5-71
12-->src\main\AndroidManifest.xml:6:22-68
13    <uses-permission android:name="android.permission.MODIFY_AUDIO_SETTINGS" />
13-->src\main\AndroidManifest.xml:7:5-80
13-->src\main\AndroidManifest.xml:7:22-77
14
15    <!-- Peer-to-peer networking (Wi-Fi Direct & Bluetooth) -->
16    <uses-permission android:name="android.permission.ACCESS_FINE_LOCATION" />
16-->src\main\AndroidManifest.xml:10:5-79
16-->src\main\AndroidManifest.xml:10:22-76
17    <uses-permission
17-->src\main\AndroidManifest.xml:11:5-13:32
18        android:name="android.permission.NEARBY_WIFI_DEVICES"
18-->src\main\AndroidManifest.xml:11:22-75
19        android:usesPermissionFlags="neverForLocation" />
19-->src\main\AndroidManifest.xml:12:9-55
20    <uses-permission
20-->src\main\AndroidManifest.xml:14:5-95
21        android:name="android.permission.BLUETOOTH"
21-->src\main\AndroidManifest.xml:14:22-65
22        android:maxSdkVersion="30" />
22-->src\main\AndroidManifest.xml:14:66-92
23    <uses-permission
23-->src\main\AndroidManifest.xml:15:5-101
24        android:name="android.permission.BLUETOOTH_ADMIN"
24-->src\main\AndroidManifest.xml:15:22-71
25        android:maxSdkVersion="30" />
25-->src\main\AndroidManifest.xml:15:72-98
26    <uses-permission android:name="android.permission.BLUETOOTH_CONNECT" />
26-->src\main\AndroidManifest.xml:16:5-76
26-->src\main\AndroidManifest.xml:16:22-73
27    <uses-permission
27-->src\main\AndroidManifest.xml:17:5-18:58
28        android:name="android.permission.BLUETOOTH_SCAN"
28-->src\main\AndroidManifest.xml:17:22-70
29        android:usesPermissionFlags="neverForLocation" />
29-->src\main\AndroidManifest.xml:18:9-55
30    <uses-permission android:name="android.permission.ACCESS_WIFI_STATE" />
30-->src\main\AndroidManifest.xml:19:5-76
30-->src\main\AndroidManifest.xml:19:22-73
31    <uses-permission android:name="android.permission.CHANGE_WIFI_STATE" />
31-->src\main\AndroidManifest.xml:20:5-76
31-->src\main\AndroidManifest.xml:20:22-73
32
33    <!-- Optional GPS-stamping feature (docs/ADDITIONAL_FEATURES.md #2) -->
34    <uses-permission android:name="android.permission.ACCESS_COARSE_LOCATION" />
34-->src\main\AndroidManifest.xml:23:5-81
34-->src\main\AndroidManifest.xml:23:22-78
35
36    <!-- Foreground service so the transceiver keeps listening while backgrounded -->
37    <uses-permission android:name="android.permission.FOREGROUND_SERVICE" />
37-->src\main\AndroidManifest.xml:26:5-77
37-->src\main\AndroidManifest.xml:26:22-74
38    <uses-permission android:name="android.permission.FOREGROUND_SERVICE_MICROPHONE" />
38-->src\main\AndroidManifest.xml:27:5-88
38-->src\main\AndroidManifest.xml:27:22-85
39    <uses-permission android:name="android.permission.FOREGROUND_SERVICE_CONNECTED_DEVICE" />
39-->src\main\AndroidManifest.xml:28:5-94
39-->src\main\AndroidManifest.xml:28:22-91
40
41    <uses-feature
41-->src\main\AndroidManifest.xml:30:5-91
42        android:name="android.hardware.bluetooth_le"
42-->src\main\AndroidManifest.xml:30:19-63
43        android:required="false" />
43-->src\main\AndroidManifest.xml:30:64-88
44    <uses-feature
44-->src\main\AndroidManifest.xml:31:5-90
45        android:name="android.hardware.wifi.direct"
45-->src\main\AndroidManifest.xml:31:19-62
46        android:required="false" />
46-->src\main\AndroidManifest.xml:31:63-87
47    <uses-feature
47-->src\main\AndroidManifest.xml:32:5-88
48        android:name="android.hardware.microphone"
48-->src\main\AndroidManifest.xml:32:19-61
49        android:required="true" />
49-->src\main\AndroidManifest.xml:32:62-85
50
51    <permission
51-->[androidx.core:core:1.13.1] AndroidManifest.xml:22:5-24:47
52        android:name="com.itantra.DYNAMIC_RECEIVER_NOT_EXPORTED_PERMISSION"
52-->[androidx.core:core:1.13.1] AndroidManifest.xml:23:9-81
53        android:protectionLevel="signature" />
53-->[androidx.core:core:1.13.1] AndroidManifest.xml:24:9-44
54
55    <uses-permission android:name="com.itantra.DYNAMIC_RECEIVER_NOT_EXPORTED_PERMISSION" />
55-->[androidx.core:core:1.13.1] AndroidManifest.xml:26:5-97
55-->[androidx.core:core:1.13.1] AndroidManifest.xml:26:22-94
56
57    <application
57-->src\main\AndroidManifest.xml:34:5-56:19
58        android:allowBackup="false"
58-->src\main\AndroidManifest.xml:35:9-36
59        android:appComponentFactory="androidx.core.app.CoreComponentFactory"
59-->[androidx.core:core:1.13.1] AndroidManifest.xml:28:18-86
60        android:debuggable="true"
61        android:extractNativeLibs="false"
62        android:icon="@android:mipmap/sym_def_app_icon"
62-->src\main\AndroidManifest.xml:36:9-56
63        android:label="@string/app_name"
63-->src\main\AndroidManifest.xml:37:9-41
64        android:theme="@style/Theme.iTantra"
64-->src\main\AndroidManifest.xml:38:9-45
65        android:usesCleartextTraffic="false" >
65-->src\main\AndroidManifest.xml:39:9-45
66        <activity
66-->src\main\AndroidManifest.xml:41:9-49:20
67            android:name="com.itantra.ui.MainActivity"
67-->src\main\AndroidManifest.xml:42:13-44
68            android:exported="true"
68-->src\main\AndroidManifest.xml:43:13-36
69            android:screenOrientation="portrait" >
69-->src\main\AndroidManifest.xml:44:13-49
70            <intent-filter>
70-->src\main\AndroidManifest.xml:45:13-48:29
71                <action android:name="android.intent.action.MAIN" />
71-->src\main\AndroidManifest.xml:46:17-69
71-->src\main\AndroidManifest.xml:46:25-66
72
73                <category android:name="android.intent.category.LAUNCHER" />
73-->src\main\AndroidManifest.xml:47:17-77
73-->src\main\AndroidManifest.xml:47:27-74
74            </intent-filter>
75        </activity>
76
77        <service
77-->src\main\AndroidManifest.xml:51:9-54:40
78            android:name="com.itantra.core.TransceiverService"
78-->src\main\AndroidManifest.xml:52:13-52
79            android:exported="false"
79-->src\main\AndroidManifest.xml:54:13-37
80            android:foregroundServiceType="microphone|connectedDevice" />
80-->src\main\AndroidManifest.xml:53:13-71
81
82        <provider
82-->[androidx.emoji2:emoji2:1.3.0] AndroidManifest.xml:24:9-32:20
83            android:name="androidx.startup.InitializationProvider"
83-->[androidx.emoji2:emoji2:1.3.0] AndroidManifest.xml:25:13-67
84            android:authorities="com.itantra.androidx-startup"
84-->[androidx.emoji2:emoji2:1.3.0] AndroidManifest.xml:26:13-68
85            android:exported="false" >
85-->[androidx.emoji2:emoji2:1.3.0] AndroidManifest.xml:27:13-37
86            <meta-data
86-->[androidx.emoji2:emoji2:1.3.0] AndroidManifest.xml:29:13-31:52
87                android:name="androidx.emoji2.text.EmojiCompatInitializer"
87-->[androidx.emoji2:emoji2:1.3.0] AndroidManifest.xml:30:17-75
88                android:value="androidx.startup" />
88-->[androidx.emoji2:emoji2:1.3.0] AndroidManifest.xml:31:17-49
89            <meta-data
89-->[androidx.lifecycle:lifecycle-process:2.8.4] AndroidManifest.xml:29:13-31:52
90                android:name="androidx.lifecycle.ProcessLifecycleInitializer"
90-->[androidx.lifecycle:lifecycle-process:2.8.4] AndroidManifest.xml:30:17-78
91                android:value="androidx.startup" />
91-->[androidx.lifecycle:lifecycle-process:2.8.4] AndroidManifest.xml:31:17-49
92            <meta-data
92-->[androidx.profileinstaller:profileinstaller:1.3.1] AndroidManifest.xml:29:13-31:52
93                android:name="androidx.profileinstaller.ProfileInstallerInitializer"
93-->[androidx.profileinstaller:profileinstaller:1.3.1] AndroidManifest.xml:30:17-85
94                android:value="androidx.startup" />
94-->[androidx.profileinstaller:profileinstaller:1.3.1] AndroidManifest.xml:31:17-49
95        </provider>
96
97        <receiver
97-->[androidx.profileinstaller:profileinstaller:1.3.1] AndroidManifest.xml:34:9-52:20
98            android:name="androidx.profileinstaller.ProfileInstallReceiver"
98-->[androidx.profileinstaller:profileinstaller:1.3.1] AndroidManifest.xml:35:13-76
99            android:directBootAware="false"
99-->[androidx.profileinstaller:profileinstaller:1.3.1] AndroidManifest.xml:36:13-44
100            android:enabled="true"
100-->[androidx.profileinstaller:profileinstaller:1.3.1] AndroidManifest.xml:37:13-35
101            android:exported="true"
101-->[androidx.profileinstaller:profileinstaller:1.3.1] AndroidManifest.xml:38:13-36
102            android:permission="android.permission.DUMP" >
102-->[androidx.profileinstaller:profileinstaller:1.3.1] AndroidManifest.xml:39:13-57
103            <intent-filter>
103-->[androidx.profileinstaller:profileinstaller:1.3.1] AndroidManifest.xml:40:13-42:29
104                <action android:name="androidx.profileinstaller.action.INSTALL_PROFILE" />
104-->[androidx.profileinstaller:profileinstaller:1.3.1] AndroidManifest.xml:41:17-91
104-->[androidx.profileinstaller:profileinstaller:1.3.1] AndroidManifest.xml:41:25-88
105            </intent-filter>
106            <intent-filter>
106-->[androidx.profileinstaller:profileinstaller:1.3.1] AndroidManifest.xml:43:13-45:29
107                <action android:name="androidx.profileinstaller.action.SKIP_FILE" />
107-->[androidx.profileinstaller:profileinstaller:1.3.1] AndroidManifest.xml:44:17-85
107-->[androidx.profileinstaller:profileinstaller:1.3.1] AndroidManifest.xml:44:25-82
108            </intent-filter>
109            <intent-filter>
109-->[androidx.profileinstaller:profileinstaller:1.3.1] AndroidManifest.xml:46:13-48:29
110                <action android:name="androidx.profileinstaller.action.SAVE_PROFILE" />
110-->[androidx.profileinstaller:profileinstaller:1.3.1] AndroidManifest.xml:47:17-88
110-->[androidx.profileinstaller:profileinstaller:1.3.1] AndroidManifest.xml:47:25-85
111            </intent-filter>
112            <intent-filter>
112-->[androidx.profileinstaller:profileinstaller:1.3.1] AndroidManifest.xml:49:13-51:29
113                <action android:name="androidx.profileinstaller.action.BENCHMARK_OPERATION" />
113-->[androidx.profileinstaller:profileinstaller:1.3.1] AndroidManifest.xml:50:17-95
113-->[androidx.profileinstaller:profileinstaller:1.3.1] AndroidManifest.xml:50:25-92
114            </intent-filter>
115        </receiver>
116    </application>
117
118</manifest>